<?xml version="1.0" encoding="UTF-8"?>
<!-- Generated by org.testng.reporters.JUnitReportReporter -->
<testsuite hostname="26147b58934f" failures="0" tests="4" name="com.bookstore.tests.NavigationTest" time="9.324" errors="0" timestamp="2025-12-06T05:44:38 UTC" skipped="0">
  <testcase classname="com.bookstore.tests.NavigationTest" name="testNavigationToBooks" time="1.789"/>
  <testcase classname="com.bookstore.tests.NavigationTest" name="testNavigationToContact" time="1.396"/>
  <testcase classname="com.bookstore.tests.NavigationTest" name="testNavigationToAbout" time="2.223"/>
  <testcase classname="com.bookstore.tests.NavigationTest" name="testNavigationToHome" time="3.916"/>
</testsuite> <!-- com.bookstore.tests.NavigationTest -->
