<?xml version="1.0" encoding="UTF-8"?>
<!-- Generated by org.testng.reporters.JUnitReportReporter -->
<testsuite hostname="26147b58934f" failures="0" tests="4" name="com.bookstore.tests.LoginTest" time="8.424" errors="0" timestamp="2025-12-06T05:44:38 UTC" skipped="0">
  <testcase classname="com.bookstore.tests.LoginTest" name="testLoginButtonDisplayed" time="3.840"/>
  <testcase classname="com.bookstore.tests.LoginTest" name="testLoginModalOpens" time="1.358"/>
  <testcase classname="com.bookstore.tests.LoginTest" name="testLoginFormFields" time="1.276"/>
  <testcase classname="com.bookstore.tests.LoginTest" name="testLoginSubmitButton" time="1.950"/>
</testsuite> <!-- com.bookstore.tests.LoginTest -->
