<?xml version="1.0" encoding="UTF-8"?>
<!-- Generated by org.testng.reporters.JUnitReportReporter -->
<testsuite hostname="26147b58934f" failures="0" tests="4" name="com.bookstore.tests.SignupPageTest" time="4.568" errors="0" timestamp="2025-12-06T05:44:38 UTC" skipped="0">
  <testcase classname="com.bookstore.tests.SignupPageTest" name="testSignupFormFields" time="1.654"/>
  <testcase classname="com.bookstore.tests.SignupPageTest" name="testSignupPageHeader" time="0.893"/>
  <testcase classname="com.bookstore.tests.SignupPageTest" name="testSignupSubmitButton" time="0.887"/>
  <testcase classname="com.bookstore.tests.SignupPageTest" name="testSignupCloseButton" time="1.134"/>
</testsuite> <!-- com.bookstore.tests.SignupPageTest -->
