<?xml version="1.0" encoding="UTF-8"?>
<!-- Generated by org.testng.reporters.JUnitReportReporter -->
<testsuite hostname="26147b58934f" failures="0" tests="2" name="com.bookstore.tests.BooksPageTest" time="4.924" errors="0" timestamp="2025-12-06T05:44:38 UTC" skipped="0">
  <testcase classname="com.bookstore.tests.BooksPageTest" name="testBooksPageLoads" time="0.989"/>
  <testcase classname="com.bookstore.tests.BooksPageTest" name="testBooksPageHeader" time="3.935"/>
</testsuite> <!-- com.bookstore.tests.BooksPageTest -->
