<?xml version="1.0" encoding="UTF-8"?>
<!-- Generated by org.testng.reporters.JUnitReportReporter -->
<testsuite hostname="26147b58934f" failures="0" tests="5" name="com.bookstore.tests.HomepageTest" time="6.782" errors="0" timestamp="2025-12-06T05:44:38 UTC" skipped="0">
  <testcase classname="com.bookstore.tests.HomepageTest" name="testPageTitle" time="1.027"/>
  <testcase classname="com.bookstore.tests.HomepageTest" name="testLogoPresence" time="1.174"/>
  <testcase classname="com.bookstore.tests.HomepageTest" name="testWelcomeBannerText" time="2.190"/>
  <testcase classname="com.bookstore.tests.HomepageTest" name="testNewsletterInputExists" time="1.140"/>
  <testcase classname="com.bookstore.tests.HomepageTest" name="testSubscribeButtonExists" time="1.251"/>
</testsuite> <!-- com.bookstore.tests.HomepageTest -->
