<?xml version="1.0" encoding="UTF-8"?>
<!-- Generated by org.testng.reporters.JUnitReportReporter -->
<testsuite hostname="26147b58934f" failures="0" tests="4" name="com.bookstore.tests.ContactPageTest" time="6.395" errors="0" timestamp="2025-12-06T05:44:38 UTC" skipped="0">
  <testcase classname="com.bookstore.tests.ContactPageTest" name="testContactFormPresence" time="1.698"/>
  <testcase classname="com.bookstore.tests.ContactPageTest" name="testContactPageHeader" time="1.025"/>
  <testcase classname="com.bookstore.tests.ContactPageTest" name="testContactSubmitButton" time="0.952"/>
  <testcase classname="com.bookstore.tests.ContactPageTest" name="testContactPhoneField" time="2.720"/>
</testsuite> <!-- com.bookstore.tests.ContactPageTest -->
