<?xml version="1.0" encoding="UTF-8"?>
<!-- Generated by org.testng.reporters.JUnitReportReporter -->
<testsuite hostname="26147b58934f" failures="0" tests="4" name="com.bookstore.tests.AboutPageTest" time="8.730" errors="0" timestamp="2025-12-06T05:44:38 UTC" skipped="0">
  <testcase classname="com.bookstore.tests.AboutPageTest" name="testAboutPageHeroSection" time="3.220"/>
  <testcase classname="com.bookstore.tests.AboutPageTest" name="testAboutPageContent" time="1.236"/>
  <testcase classname="com.bookstore.tests.AboutPageTest" name="testContactUsButton" time="1.397"/>
  <testcase classname="com.bookstore.tests.AboutPageTest" name="testExperienceSection" time="2.877"/>
</testsuite> <!-- com.bookstore.tests.AboutPageTest -->
