<?xml version="1.0" encoding="UTF-8"?>
<!-- Generated by org.testng.reporters.JUnitReportReporter -->
<testsuite hostname="26147b58934f" failures="0" tests="3" name="com.bookstore.tests.FooterTest" time="3.684" errors="0" timestamp="2025-12-06T05:44:38 UTC" skipped="0">
  <testcase classname="com.bookstore.tests.FooterTest" name="testFooterOnHomepage" time="1.816"/>
  <testcase classname="com.bookstore.tests.FooterTest" name="testFooterOnAboutPage" time="1.057"/>
  <testcase classname="com.bookstore.tests.FooterTest" name="testFooterOnContactPage" time="0.811"/>
</testsuite> <!-- com.bookstore.tests.FooterTest -->
