<?xml version="1.0" encoding="UTF-8"?>
<!-- Generated by org.testng.reporters.JUnitXMLReporter -->
<testsuite ignored="0" hostname="26147b58934f" failures="0" tests="30" name="Surefire test" time="131.111" errors="0" timestamp="2025-12-06T05:44:37 UTC">
  <testcase classname="com.bookstore.tests.AboutPageTest" name="testAboutPageHeroSection" time="1.47"/>
  <testcase classname="com.bookstore.tests.AboutPageTest" name="testAboutPageContent" time="0.535"/>
  <testcase classname="com.bookstore.tests.AboutPageTest" name="testContactUsButton" time="0.617"/>
  <testcase classname="com.bookstore.tests.AboutPageTest" name="testExperienceSection" time="2.188"/>
  <testcase classname="com.bookstore.tests.BooksPageTest" name="testBooksPageLoads" time="0.317"/>
  <testcase classname="com.bookstore.tests.BooksPageTest" name="testBooksPageHeader" time="3.312"/>
  <testcase classname="com.bookstore.tests.ContactPageTest" name="testContactFormPresence" time="1.114"/>
  <testcase classname="com.bookstore.tests.ContactPageTest" name="testContactPageHeader" time="0.387"/>
  <testcase classname="com.bookstore.tests.ContactPageTest" name="testContactSubmitButton" time="0.409"/>
  <testcase classname="com.bookstore.tests.ContactPageTest" name="testContactPhoneField" time="2.096"/>
  <testcase classname="com.bookstore.tests.FooterTest" name="testFooterOnHomepage" time="1.197"/>
  <testcase classname="com.bookstore.tests.FooterTest" name="testFooterOnAboutPage" time="0.339"/>
  <testcase classname="com.bookstore.tests.FooterTest" name="testFooterOnContactPage" time="0.301"/>
  <testcase classname="com.bookstore.tests.HomepageTest" name="testPageTitle" time="0.397"/>
  <testcase classname="com.bookstore.tests.HomepageTest" name="testLogoPresence" time="0.518"/>
  <testcase classname="com.bookstore.tests.HomepageTest" name="testWelcomeBannerText" time="1.588"/>
  <testcase classname="com.bookstore.tests.HomepageTest" name="testNewsletterInputExists" time="0.48"/>
  <testcase classname="com.bookstore.tests.HomepageTest" name="testSubscribeButtonExists" time="0.487"/>
  <testcase classname="com.bookstore.tests.LoginTest" name="testLoginButtonDisplayed" time="1.917"/>
  <testcase classname="com.bookstore.tests.LoginTest" name="testLoginModalOpens" time="0.729"/>
  <testcase classname="com.bookstore.tests.LoginTest" name="testLoginFormFields" time="0.617"/>
  <testcase classname="com.bookstore.tests.LoginTest" name="testLoginSubmitButton" time="1.284"/>
  <testcase classname="com.bookstore.tests.NavigationTest" name="testNavigationToBooks" time="1.077"/>
  <testcase classname="com.bookstore.tests.NavigationTest" name="testNavigationToContact" time="0.631"/>
  <testcase classname="com.bookstore.tests.NavigationTest" name="testNavigationToAbout" time="1.522"/>
  <testcase classname="com.bookstore.tests.NavigationTest" name="testNavigationToHome" time="3.262"/>
  <testcase classname="com.bookstore.tests.SignupPageTest" name="testSignupFormFields" time="0.98"/>
  <testcase classname="com.bookstore.tests.SignupPageTest" name="testSignupPageHeader" time="0.224"/>
  <testcase classname="com.bookstore.tests.SignupPageTest" name="testSignupSubmitButton" time="0.284"/>
  <testcase classname="com.bookstore.tests.SignupPageTest" name="testSignupCloseButton" time="0.649"/>
</testsuite> <!-- Surefire test -->
