<?xml version="1.0" encoding="UTF-8"?>
<testng-results ignored="0" total="30" passed="30" failed="0" skipped="0">
  <reporter-output>
  </reporter-output>
  <suite started-at="2025-12-06T05:42:26 UTC" name="Surefire suite" finished-at="2025-12-06T05:44:37 UTC" duration-ms="131111">
    <groups>
    </groups>
    <test started-at="2025-12-06T05:42:26 UTC" name="Surefire test" finished-at="2025-12-06T05:44:37 UTC" duration-ms="131111">
      <class name="com.bookstore.tests.NavigationTest">
        <test-method is-config="true" signature="setUpClass()[pri:0, instance:com.bookstore.tests.NavigationTest@78e94dcf]" started-at="2025-12-06T05:44:23 UTC" name="setUpClass" finished-at="2025-12-06T05:44:23 UTC" duration-ms="78" status="PASS">
          <reporter-output>
          </reporter-output>
        </test-method> <!-- setUpClass -->
        <test-method is-config="true" signature="setUp()[pri:0, instance:com.bookstore.tests.NavigationTest@78e94dcf]" started-at="2025-12-06T05:44:23 UTC" name="setUp" finished-at="2025-12-06T05:44:24 UTC" duration-ms="690" status="PASS">
          <reporter-output>
          </reporter-output>
        </test-method> <!-- setUp -->
        <test-method signature="testNavigationToBooks()[pri:1, instance:com.bookstore.tests.NavigationTest@78e94dcf]" started-at="2025-12-06T05:44:24 UTC" name="testNavigationToBooks" finished-at="2025-12-06T05:44:25 UTC" duration-ms="1077" status="PASS">
          <reporter-output>
          </reporter-output>
        </test-method> <!-- testNavigationToBooks -->
        <test-method is-config="true" signature="tearDown()[pri:0, instance:com.bookstore.tests.NavigationTest@78e94dcf]" started-at="2025-12-06T05:44:25 UTC" name="tearDown" finished-at="2025-12-06T05:44:25 UTC" duration-ms="133" status="PASS">
          <reporter-output>
          </reporter-output>
        </test-method> <!-- tearDown -->
        <test-method is-config="true" signature="setUp()[pri:0, instance:com.bookstore.tests.NavigationTest@78e94dcf]" started-at="2025-12-06T05:44:25 UTC" name="setUp" finished-at="2025-12-06T05:44:26 UTC" duration-ms="639" status="PASS">
          <reporter-output>
          </reporter-output>
        </test-method> <!-- setUp -->
        <test-method signature="testNavigationToContact()[pri:2, instance:com.bookstore.tests.NavigationTest@78e94dcf]" started-at="2025-12-06T05:44:26 UTC" name="testNavigationToContact" finished-at="2025-12-06T05:44:27 UTC" duration-ms="631" status="PASS">
          <reporter-output>
          </reporter-output>
        </test-method> <!-- testNavigationToContact -->
        <test-method is-config="true" signature="tearDown()[pri:0, instance:com.bookstore.tests.NavigationTest@78e94dcf]" started-at="2025-12-06T05:44:27 UTC" name="tearDown" finished-at="2025-12-06T05:44:27 UTC" duration-ms="73" status="PASS">
          <reporter-output>
          </reporter-output>
        </test-method> <!-- tearDown -->
        <test-method is-config="true" signature="setUp()[pri:0, instance:com.bookstore.tests.NavigationTest@78e94dcf]" started-at="2025-12-06T05:44:27 UTC" name="setUp" finished-at="2025-12-06T05:44:27 UTC" duration-ms="575" status="PASS">
          <reporter-output>
          </reporter-output>
        </test-method> <!-- setUp -->
        <test-method signature="testNavigationToAbout()[pri:3, instance:com.bookstore.tests.NavigationTest@78e94dcf]" started-at="2025-12-06T05:44:27 UTC" name="testNavigationToAbout" finished-at="2025-12-06T05:44:29 UTC" duration-ms="1522" status="PASS">
          <reporter-output>
          </reporter-output>
        </test-method> <!-- testNavigationToAbout -->
        <test-method is-config="true" signature="tearDown()[pri:0, instance:com.bookstore.tests.NavigationTest@78e94dcf]" started-at="2025-12-06T05:44:29 UTC" name="tearDown" finished-at="2025-12-06T05:44:29 UTC" duration-ms="126" status="PASS">
          <reporter-output>
          </reporter-output>
        </test-method> <!-- tearDown -->
        <test-method is-config="true" signature="setUp()[pri:0, instance:com.bookstore.tests.NavigationTest@78e94dcf]" started-at="2025-12-06T05:44:29 UTC" name="setUp" finished-at="2025-12-06T05:44:29 UTC" duration-ms="521" status="PASS">
          <reporter-output>
          </reporter-output>
        </test-method> <!-- setUp -->
        <test-method signature="testNavigationToHome()[pri:4, instance:com.bookstore.tests.NavigationTest@78e94dcf]" started-at="2025-12-06T05:44:29 UTC" name="testNavigationToHome" finished-at="2025-12-06T05:44:33 UTC" duration-ms="3262" status="PASS">
          <reporter-output>
          </reporter-output>
        </test-method> <!-- testNavigationToHome -->
        <test-method is-config="true" signature="tearDown()[pri:0, instance:com.bookstore.tests.NavigationTest@78e94dcf]" started-at="2025-12-06T05:44:33 UTC" name="tearDown" finished-at="2025-12-06T05:44:33 UTC" duration-ms="75" status="PASS">
          <reporter-output>
          </reporter-output>
        </test-method> <!-- tearDown -->
      </class> <!-- com.bookstore.tests.NavigationTest -->
      <class name="com.bookstore.tests.ContactPageTest">
        <test-method is-config="true" signature="setUpClass()[pri:0, instance:com.bookstore.tests.ContactPageTest@5db250b4]" started-at="2025-12-06T05:43:58 UTC" name="setUpClass" finished-at="2025-12-06T05:43:58 UTC" duration-ms="80" status="PASS">
          <reporter-output>
          </reporter-output>
        </test-method> <!-- setUpClass -->
        <test-method is-config="true" signature="setUp()[pri:0, instance:com.bookstore.tests.ContactPageTest@5db250b4]" started-at="2025-12-06T05:43:58 UTC" name="setUp" finished-at="2025-12-06T05:43:58 UTC" duration-ms="547" status="PASS">
          <reporter-output>
          </reporter-output>
        </test-method> <!-- setUp -->
        <test-method signature="testContactFormPresence()[pri:1, instance:com.bookstore.tests.ContactPageTest@5db250b4]" started-at="2025-12-06T05:43:58 UTC" name="testContactFormPresence" finished-at="2025-12-06T05:43:59 UTC" duration-ms="1114" status="PASS">
          <reporter-output>
          </reporter-output>
        </test-method> <!-- testContactFormPresence -->
        <test-method is-config="true" signature="tearDown()[pri:0, instance:com.bookstore.tests.ContactPageTest@5db250b4]" started-at="2025-12-06T05:43:59 UTC" name="tearDown" finished-at="2025-12-06T05:43:59 UTC" duration-ms="72" status="PASS">
          <reporter-output>
          </reporter-output>
        </test-method> <!-- tearDown -->
        <test-method is-config="true" signature="setUp()[pri:0, instance:com.bookstore.tests.ContactPageTest@5db250b4]" started-at="2025-12-06T05:43:59 UTC" name="setUp" finished-at="2025-12-06T05:44:00 UTC" duration-ms="468" status="PASS">
          <reporter-output>
          </reporter-output>
        </test-method> <!-- setUp -->
        <test-method signature="testContactPageHeader()[pri:2, instance:com.bookstore.tests.ContactPageTest@5db250b4]" started-at="2025-12-06T05:44:00 UTC" name="testContactPageHeader" finished-at="2025-12-06T05:44:00 UTC" duration-ms="387" status="PASS">
          <reporter-output>
          </reporter-output>
        </test-method> <!-- testContactPageHeader -->
        <test-method is-config="true" signature="tearDown()[pri:0, instance:com.bookstore.tests.ContactPageTest@5db250b4]" started-at="2025-12-06T05:44:00 UTC" name="tearDown" finished-at="2025-12-06T05:44:00 UTC" duration-ms="75" status="PASS">
          <reporter-output>
          </reporter-output>
        </test-method> <!-- tearDown -->
        <test-method is-config="true" signature="setUp()[pri:0, instance:com.bookstore.tests.ContactPageTest@5db250b4]" started-at="2025-12-06T05:44:00 UTC" name="setUp" finished-at="2025-12-06T05:44:01 UTC" duration-ms="566" status="PASS">
          <reporter-output>
          </reporter-output>
        </test-method> <!-- setUp -->
        <test-method signature="testContactSubmitButton()[pri:3, instance:com.bookstore.tests.ContactPageTest@5db250b4]" started-at="2025-12-06T05:44:01 UTC" name="testContactSubmitButton" finished-at="2025-12-06T05:44:01 UTC" duration-ms="409" status="PASS">
          <reporter-output>
          </reporter-output>
        </test-method> <!-- testContactSubmitButton -->
        <test-method is-config="true" signature="tearDown()[pri:0, instance:com.bookstore.tests.ContactPageTest@5db250b4]" started-at="2025-12-06T05:44:01 UTC" name="tearDown" finished-at="2025-12-06T05:44:01 UTC" duration-ms="77" status="PASS">
          <reporter-output>
          </reporter-output>
        </test-method> <!-- tearDown -->
        <test-method is-config="true" signature="setUp()[pri:0, instance:com.bookstore.tests.ContactPageTest@5db250b4]" started-at="2025-12-06T05:44:01 UTC" name="setUp" finished-at="2025-12-06T05:44:02 UTC" duration-ms="513" status="PASS">
          <reporter-output>
          </reporter-output>
        </test-method> <!-- setUp -->
        <test-method signature="testContactPhoneField()[pri:4, instance:com.bookstore.tests.ContactPageTest@5db250b4]" started-at="2025-12-06T05:44:02 UTC" name="testContactPhoneField" finished-at="2025-12-06T05:44:04 UTC" duration-ms="2096" status="PASS">
          <reporter-output>
          </reporter-output>
        </test-method> <!-- testContactPhoneField -->
        <test-method is-config="true" signature="tearDown()[pri:0, instance:com.bookstore.tests.ContactPageTest@5db250b4]" started-at="2025-12-06T05:44:04 UTC" name="tearDown" finished-at="2025-12-06T05:44:04 UTC" duration-ms="71" status="PASS">
          <reporter-output>
          </reporter-output>
        </test-method> <!-- tearDown -->
      </class> <!-- com.bookstore.tests.ContactPageTest -->
      <class name="com.bookstore.tests.HomepageTest">
        <test-method is-config="true" signature="setUpClass()[pri:0, instance:com.bookstore.tests.HomepageTest@38c5cc4c]" started-at="2025-12-06T05:44:08 UTC" name="setUpClass" finished-at="2025-12-06T05:44:08 UTC" duration-ms="69" status="PASS">
          <reporter-output>
          </reporter-output>
        </test-method> <!-- setUpClass -->
        <test-method is-config="true" signature="setUp()[pri:0, instance:com.bookstore.tests.HomepageTest@38c5cc4c]" started-at="2025-12-06T05:44:08 UTC" name="setUp" finished-at="2025-12-06T05:44:08 UTC" duration-ms="527" status="PASS">
          <reporter-output>
          </reporter-output>
        </test-method> <!-- setUp -->
        <test-method signature="testPageTitle()[pri:1, instance:com.bookstore.tests.HomepageTest@38c5cc4c]" started-at="2025-12-06T05:44:08 UTC" name="testPageTitle" finished-at="2025-12-06T05:44:09 UTC" duration-ms="397" status="PASS">
          <reporter-output>
          </reporter-output>
        </test-method> <!-- testPageTitle -->
        <test-method is-config="true" signature="tearDown()[pri:0, instance:com.bookstore.tests.HomepageTest@38c5cc4c]" started-at="2025-12-06T05:44:09 UTC" name="tearDown" finished-at="2025-12-06T05:44:09 UTC" duration-ms="78" status="PASS">
          <reporter-output>
          </reporter-output>
        </test-method> <!-- tearDown -->
        <test-method is-config="true" signature="setUp()[pri:0, instance:com.bookstore.tests.HomepageTest@38c5cc4c]" started-at="2025-12-06T05:44:09 UTC" name="setUp" finished-at="2025-12-06T05:44:10 UTC" duration-ms="636" status="PASS">
          <reporter-output>
          </reporter-output>
        </test-method> <!-- setUp -->
        <test-method signature="testLogoPresence()[pri:2, instance:com.bookstore.tests.HomepageTest@38c5cc4c]" started-at="2025-12-06T05:44:10 UTC" name="testLogoPresence" finished-at="2025-12-06T05:44:10 UTC" duration-ms="518" status="PASS">
          <reporter-output>
          </reporter-output>
        </test-method> <!-- testLogoPresence -->
        <test-method is-config="true" signature="tearDown()[pri:0, instance:com.bookstore.tests.HomepageTest@38c5cc4c]" started-at="2025-12-06T05:44:10 UTC" name="tearDown" finished-at="2025-12-06T05:44:10 UTC" duration-ms="75" status="PASS">
          <reporter-output>
          </reporter-output>
        </test-method> <!-- tearDown -->
        <test-method is-config="true" signature="setUp()[pri:0, instance:com.bookstore.tests.HomepageTest@38c5cc4c]" started-at="2025-12-06T05:44:10 UTC" name="setUp" finished-at="2025-12-06T05:44:11 UTC" duration-ms="555" status="PASS">
          <reporter-output>
          </reporter-output>
        </test-method> <!-- setUp -->
        <test-method signature="testWelcomeBannerText()[pri:3, instance:com.bookstore.tests.HomepageTest@38c5cc4c]" started-at="2025-12-06T05:44:11 UTC" name="testWelcomeBannerText" finished-at="2025-12-06T05:44:12 UTC" duration-ms="1588" status="PASS">
          <reporter-output>
          </reporter-output>
        </test-method> <!-- testWelcomeBannerText -->
        <test-method is-config="true" signature="tearDown()[pri:0, instance:com.bookstore.tests.HomepageTest@38c5cc4c]" started-at="2025-12-06T05:44:12 UTC" name="tearDown" finished-at="2025-12-06T05:44:12 UTC" duration-ms="128" status="PASS">
          <reporter-output>
          </reporter-output>
        </test-method> <!-- tearDown -->
        <test-method is-config="true" signature="setUp()[pri:0, instance:com.bookstore.tests.HomepageTest@38c5cc4c]" started-at="2025-12-06T05:44:12 UTC" name="setUp" finished-at="2025-12-06T05:44:13 UTC" duration-ms="578" status="PASS">
          <reporter-output>
          </reporter-output>
        </test-method> <!-- setUp -->
        <test-method signature="testNewsletterInputExists()[pri:4, instance:com.bookstore.tests.HomepageTest@38c5cc4c]" started-at="2025-12-06T05:44:13 UTC" name="testNewsletterInputExists" finished-at="2025-12-06T05:44:14 UTC" duration-ms="480" status="PASS">
          <reporter-output>
          </reporter-output>
        </test-method> <!-- testNewsletterInputExists -->
        <test-method is-config="true" signature="tearDown()[pri:0, instance:com.bookstore.tests.HomepageTest@38c5cc4c]" started-at="2025-12-06T05:44:14 UTC" name="tearDown" finished-at="2025-12-06T05:44:14 UTC" duration-ms="75" status="PASS">
          <reporter-output>
          </reporter-output>
        </test-method> <!-- tearDown -->
        <test-method is-config="true" signature="setUp()[pri:0, instance:com.bookstore.tests.HomepageTest@38c5cc4c]" started-at="2025-12-06T05:44:14 UTC" name="setUp" finished-at="2025-12-06T05:44:14 UTC" duration-ms="586" status="PASS">
          <reporter-output>
          </reporter-output>
        </test-method> <!-- setUp -->
        <test-method signature="testSubscribeButtonExists()[pri:5, instance:com.bookstore.tests.HomepageTest@38c5cc4c]" started-at="2025-12-06T05:44:14 UTC" name="testSubscribeButtonExists" finished-at="2025-12-06T05:44:15 UTC" duration-ms="487" status="PASS">
          <reporter-output>
          </reporter-output>
        </test-method> <!-- testSubscribeButtonExists -->
        <test-method is-config="true" signature="tearDown()[pri:0, instance:com.bookstore.tests.HomepageTest@38c5cc4c]" started-at="2025-12-06T05:44:15 UTC" name="tearDown" finished-at="2025-12-06T05:44:15 UTC" duration-ms="74" status="PASS">
          <reporter-output>
          </reporter-output>
        </test-method> <!-- tearDown -->
      </class> <!-- com.bookstore.tests.HomepageTest -->
      <class name="com.bookstore.tests.FooterTest">
        <test-method is-config="true" signature="setUpClass()[pri:0, instance:com.bookstore.tests.FooterTest@223f3642]" started-at="2025-12-06T05:44:04 UTC" name="setUpClass" finished-at="2025-12-06T05:44:04 UTC" duration-ms="78" status="PASS">
          <reporter-output>
          </reporter-output>
        </test-method> <!-- setUpClass -->
        <test-method is-config="true" signature="setUp()[pri:0, instance:com.bookstore.tests.FooterTest@223f3642]" started-at="2025-12-06T05:44:04 UTC" name="setUp" finished-at="2025-12-06T05:44:05 UTC" duration-ms="594" status="PASS">
          <reporter-output>
          </reporter-output>
        </test-method> <!-- setUp -->
        <test-method signature="testFooterOnHomepage()[pri:1, instance:com.bookstore.tests.FooterTest@223f3642]" started-at="2025-12-06T05:44:05 UTC" name="testFooterOnHomepage" finished-at="2025-12-06T05:44:06 UTC" duration-ms="1197" status="PASS">
          <reporter-output>
          </reporter-output>
        </test-method> <!-- testFooterOnHomepage -->
        <test-method is-config="true" signature="tearDown()[pri:0, instance:com.bookstore.tests.FooterTest@223f3642]" started-at="2025-12-06T05:44:06 UTC" name="tearDown" finished-at="2025-12-06T05:44:06 UTC" duration-ms="72" status="PASS">
          <reporter-output>
          </reporter-output>
        </test-method> <!-- tearDown -->
        <test-method is-config="true" signature="setUp()[pri:0, instance:com.bookstore.tests.FooterTest@223f3642]" started-at="2025-12-06T05:44:06 UTC" name="setUp" finished-at="2025-12-06T05:44:07 UTC" duration-ms="438" status="PASS">
          <reporter-output>
          </reporter-output>
        </test-method> <!-- setUp -->
        <test-method signature="testFooterOnAboutPage()[pri:2, instance:com.bookstore.tests.FooterTest@223f3642]" started-at="2025-12-06T05:44:07 UTC" name="testFooterOnAboutPage" finished-at="2025-12-06T05:44:07 UTC" duration-ms="339" status="PASS">
          <reporter-output>
          </reporter-output>
        </test-method> <!-- testFooterOnAboutPage -->
        <test-method is-config="true" signature="tearDown()[pri:0, instance:com.bookstore.tests.FooterTest@223f3642]" started-at="2025-12-06T05:44:07 UTC" name="tearDown" finished-at="2025-12-06T05:44:07 UTC" duration-ms="75" status="PASS">
          <reporter-output>
          </reporter-output>
        </test-method> <!-- tearDown -->
        <test-method is-config="true" signature="setUp()[pri:0, instance:com.bookstore.tests.FooterTest@223f3642]" started-at="2025-12-06T05:44:07 UTC" name="setUp" finished-at="2025-12-06T05:44:07 UTC" duration-ms="544" status="PASS">
          <reporter-output>
          </reporter-output>
        </test-method> <!-- setUp -->
        <test-method signature="testFooterOnContactPage()[pri:3, instance:com.bookstore.tests.FooterTest@223f3642]" started-at="2025-12-06T05:44:07 UTC" name="testFooterOnContactPage" finished-at="2025-12-06T05:44:08 UTC" duration-ms="301" status="PASS">
          <reporter-output>
          </reporter-output>
        </test-method> <!-- testFooterOnContactPage -->
        <test-method is-config="true" signature="tearDown()[pri:0, instance:com.bookstore.tests.FooterTest@223f3642]" started-at="2025-12-06T05:44:08 UTC" name="tearDown" finished-at="2025-12-06T05:44:08 UTC" duration-ms="124" status="PASS">
          <reporter-output>
          </reporter-output>
        </test-method> <!-- tearDown -->
      </class> <!-- com.bookstore.tests.FooterTest -->
      <class name="com.bookstore.tests.BooksPageTest">
        <test-method is-config="true" signature="setUpClass()[pri:0, instance:com.bookstore.tests.BooksPageTest@5bfa9431]" started-at="2025-12-06T05:43:53 UTC" name="setUpClass" finished-at="2025-12-06T05:43:53 UTC" duration-ms="186" status="PASS">
          <reporter-output>
          </reporter-output>
        </test-method> <!-- setUpClass -->
        <test-method is-config="true" signature="setUp()[pri:0, instance:com.bookstore.tests.BooksPageTest@5bfa9431]" started-at="2025-12-06T05:43:53 UTC" name="setUp" finished-at="2025-12-06T05:43:53 UTC" duration-ms="601" status="PASS">
          <reporter-output>
          </reporter-output>
        </test-method> <!-- setUp -->
        <test-method signature="testBooksPageLoads()[pri:1, instance:com.bookstore.tests.BooksPageTest@5bfa9431]" started-at="2025-12-06T05:43:53 UTC" name="testBooksPageLoads" finished-at="2025-12-06T05:43:54 UTC" duration-ms="317" status="PASS">
          <reporter-output>
          </reporter-output>
        </test-method> <!-- testBooksPageLoads -->
        <test-method is-config="true" signature="tearDown()[pri:0, instance:com.bookstore.tests.BooksPageTest@5bfa9431]" started-at="2025-12-06T05:43:54 UTC" name="tearDown" finished-at="2025-12-06T05:43:54 UTC" duration-ms="73" status="PASS">
          <reporter-output>
          </reporter-output>
        </test-method> <!-- tearDown -->
        <test-method is-config="true" signature="setUp()[pri:0, instance:com.bookstore.tests.BooksPageTest@5bfa9431]" started-at="2025-12-06T05:43:54 UTC" name="setUp" finished-at="2025-12-06T05:43:54 UTC" duration-ms="550" status="PASS">
          <reporter-output>
          </reporter-output>
        </test-method> <!-- setUp -->
        <test-method signature="testBooksPageHeader()[pri:2, instance:com.bookstore.tests.BooksPageTest@5bfa9431]" started-at="2025-12-06T05:43:54 UTC" name="testBooksPageHeader" finished-at="2025-12-06T05:43:58 UTC" duration-ms="3312" status="PASS">
          <reporter-output>
          </reporter-output>
        </test-method> <!-- testBooksPageHeader -->
        <test-method is-config="true" signature="tearDown()[pri:0, instance:com.bookstore.tests.BooksPageTest@5bfa9431]" started-at="2025-12-06T05:43:58 UTC" name="tearDown" finished-at="2025-12-06T05:43:58 UTC" duration-ms="71" status="PASS">
          <reporter-output>
          </reporter-output>
        </test-method> <!-- tearDown -->
      </class> <!-- com.bookstore.tests.BooksPageTest -->
      <class name="com.bookstore.tests.AboutPageTest">
        <test-method is-config="true" signature="setUpClass()[pri:0, instance:com.bookstore.tests.AboutPageTest@7692d9cc]" started-at="2025-12-06T05:42:26 UTC" name="setUpClass" finished-at="2025-12-06T05:43:44 UTC" duration-ms="77479" status="PASS">
          <reporter-output>
          </reporter-output>
        </test-method> <!-- setUpClass -->
        <test-method is-config="true" signature="setUp()[pri:0, instance:com.bookstore.tests.AboutPageTest@7692d9cc]" started-at="2025-12-06T05:43:44 UTC" name="setUp" finished-at="2025-12-06T05:43:45 UTC" duration-ms="1671" status="PASS">
          <reporter-output>
          </reporter-output>
        </test-method> <!-- setUp -->
        <test-method signature="testAboutPageHeroSection()[pri:1, instance:com.bookstore.tests.AboutPageTest@7692d9cc]" started-at="2025-12-06T05:43:45 UTC" name="testAboutPageHeroSection" finished-at="2025-12-06T05:43:47 UTC" duration-ms="1470" status="PASS">
          <reporter-output>
          </reporter-output>
        </test-method> <!-- testAboutPageHeroSection -->
        <test-method is-config="true" signature="tearDown()[pri:0, instance:com.bookstore.tests.AboutPageTest@7692d9cc]" started-at="2025-12-06T05:43:47 UTC" name="tearDown" finished-at="2025-12-06T05:43:47 UTC" duration-ms="94" status="PASS">
          <reporter-output>
          </reporter-output>
        </test-method> <!-- tearDown -->
        <test-method is-config="true" signature="setUp()[pri:0, instance:com.bookstore.tests.AboutPageTest@7692d9cc]" started-at="2025-12-06T05:43:47 UTC" name="setUp" finished-at="2025-12-06T05:43:48 UTC" duration-ms="573" status="PASS">
          <reporter-output>
          </reporter-output>
        </test-method> <!-- setUp -->
        <test-method signature="testAboutPageContent()[pri:2, instance:com.bookstore.tests.AboutPageTest@7692d9cc]" started-at="2025-12-06T05:43:48 UTC" name="testAboutPageContent" finished-at="2025-12-06T05:43:48 UTC" duration-ms="535" status="PASS">
          <reporter-output>
          </reporter-output>
        </test-method> <!-- testAboutPageContent -->
        <test-method is-config="true" signature="tearDown()[pri:0, instance:com.bookstore.tests.AboutPageTest@7692d9cc]" started-at="2025-12-06T05:43:48 UTC" name="tearDown" finished-at="2025-12-06T05:43:48 UTC" duration-ms="128" status="PASS">
          <reporter-output>
          </reporter-output>
        </test-method> <!-- tearDown -->
        <test-method is-config="true" signature="setUp()[pri:0, instance:com.bookstore.tests.AboutPageTest@7692d9cc]" started-at="2025-12-06T05:43:48 UTC" name="setUp" finished-at="2025-12-06T05:43:49 UTC" duration-ms="686" status="PASS">
          <reporter-output>
          </reporter-output>
        </test-method> <!-- setUp -->
        <test-method signature="testContactUsButton()[pri:3, instance:com.bookstore.tests.AboutPageTest@7692d9cc]" started-at="2025-12-06T05:43:49 UTC" name="testContactUsButton" finished-at="2025-12-06T05:43:50 UTC" duration-ms="617" status="PASS">
          <reporter-output>
          </reporter-output>
        </test-method> <!-- testContactUsButton -->
        <test-method is-config="true" signature="tearDown()[pri:0, instance:com.bookstore.tests.AboutPageTest@7692d9cc]" started-at="2025-12-06T05:43:50 UTC" name="tearDown" finished-at="2025-12-06T05:43:50 UTC" duration-ms="79" status="PASS">
          <reporter-output>
          </reporter-output>
        </test-method> <!-- tearDown -->
        <test-method is-config="true" signature="setUp()[pri:0, instance:com.bookstore.tests.AboutPageTest@7692d9cc]" started-at="2025-12-06T05:43:50 UTC" name="setUp" finished-at="2025-12-06T05:43:50 UTC" duration-ms="612" status="PASS">
          <reporter-output>
          </reporter-output>
        </test-method> <!-- setUp -->
        <test-method signature="testExperienceSection()[pri:4, instance:com.bookstore.tests.AboutPageTest@7692d9cc]" started-at="2025-12-06T05:43:50 UTC" name="testExperienceSection" finished-at="2025-12-06T05:43:52 UTC" duration-ms="2188" status="PASS">
          <reporter-output>
          </reporter-output>
        </test-method> <!-- testExperienceSection -->
        <test-method is-config="true" signature="tearDown()[pri:0, instance:com.bookstore.tests.AboutPageTest@7692d9cc]" started-at="2025-12-06T05:43:52 UTC" name="tearDown" finished-at="2025-12-06T05:43:53 UTC" duration-ms="77" status="PASS">
          <reporter-output>
          </reporter-output>
        </test-method> <!-- tearDown -->
      </class> <!-- com.bookstore.tests.AboutPageTest -->
      <class name="com.bookstore.tests.SignupPageTest">
        <test-method is-config="true" signature="setUpClass()[pri:0, instance:com.bookstore.tests.SignupPageTest@233fe9b6]" started-at="2025-12-06T05:44:33 UTC" name="setUpClass" finished-at="2025-12-06T05:44:33 UTC" duration-ms="81" status="PASS">
          <reporter-output>
          </reporter-output>
        </test-method> <!-- setUpClass -->
        <test-method is-config="true" signature="setUp()[pri:0, instance:com.bookstore.tests.SignupPageTest@233fe9b6]" started-at="2025-12-06T05:44:33 UTC" name="setUp" finished-at="2025-12-06T05:44:33 UTC" duration-ms="530" status="PASS">
          <reporter-output>
          </reporter-output>
        </test-method> <!-- setUp -->
        <test-method signature="testSignupFormFields()[pri:1, instance:com.bookstore.tests.SignupPageTest@233fe9b6]" started-at="2025-12-06T05:44:33 UTC" name="testSignupFormFields" finished-at="2025-12-06T05:44:34 UTC" duration-ms="980" status="PASS">
          <reporter-output>
          </reporter-output>
        </test-method> <!-- testSignupFormFields -->
        <test-method is-config="true" signature="tearDown()[pri:0, instance:com.bookstore.tests.SignupPageTest@233fe9b6]" started-at="2025-12-06T05:44:34 UTC" name="tearDown" finished-at="2025-12-06T05:44:34 UTC" duration-ms="121" status="PASS">
          <reporter-output>
          </reporter-output>
        </test-method> <!-- tearDown -->
        <test-method is-config="true" signature="setUp()[pri:0, instance:com.bookstore.tests.SignupPageTest@233fe9b6]" started-at="2025-12-06T05:44:34 UTC" name="setUp" finished-at="2025-12-06T05:44:35 UTC" duration-ms="414" status="PASS">
          <reporter-output>
          </reporter-output>
        </test-method> <!-- setUp -->
        <test-method signature="testSignupPageHeader()[pri:2, instance:com.bookstore.tests.SignupPageTest@233fe9b6]" started-at="2025-12-06T05:44:35 UTC" name="testSignupPageHeader" finished-at="2025-12-06T05:44:35 UTC" duration-ms="224" status="PASS">
          <reporter-output>
          </reporter-output>
        </test-method> <!-- testSignupPageHeader -->
        <test-method is-config="true" signature="tearDown()[pri:0, instance:com.bookstore.tests.SignupPageTest@233fe9b6]" started-at="2025-12-06T05:44:35 UTC" name="tearDown" finished-at="2025-12-06T05:44:35 UTC" duration-ms="126" status="PASS">
          <reporter-output>
          </reporter-output>
        </test-method> <!-- tearDown -->
        <test-method is-config="true" signature="setUp()[pri:0, instance:com.bookstore.tests.SignupPageTest@233fe9b6]" started-at="2025-12-06T05:44:35 UTC" name="setUp" finished-at="2025-12-06T05:44:36 UTC" duration-ms="553" status="PASS">
          <reporter-output>
          </reporter-output>
        </test-method> <!-- setUp -->
        <test-method signature="testSignupSubmitButton()[pri:3, instance:com.bookstore.tests.SignupPageTest@233fe9b6]" started-at="2025-12-06T05:44:36 UTC" name="testSignupSubmitButton" finished-at="2025-12-06T05:44:36 UTC" duration-ms="284" status="PASS">
          <reporter-output>
          </reporter-output>
        </test-method> <!-- testSignupSubmitButton -->
        <test-method is-config="true" signature="tearDown()[pri:0, instance:com.bookstore.tests.SignupPageTest@233fe9b6]" started-at="2025-12-06T05:44:36 UTC" name="tearDown" finished-at="2025-12-06T05:44:36 UTC" duration-ms="73" status="PASS">
          <reporter-output>
          </reporter-output>
        </test-method> <!-- tearDown -->
        <test-method is-config="true" signature="setUp()[pri:0, instance:com.bookstore.tests.SignupPageTest@233fe9b6]" started-at="2025-12-06T05:44:36 UTC" name="setUp" finished-at="2025-12-06T05:44:37 UTC" duration-ms="543" status="PASS">
          <reporter-output>
          </reporter-output>
        </test-method> <!-- setUp -->
        <test-method signature="testSignupCloseButton()[pri:4, instance:com.bookstore.tests.SignupPageTest@233fe9b6]" started-at="2025-12-06T05:44:37 UTC" name="testSignupCloseButton" finished-at="2025-12-06T05:44:37 UTC" duration-ms="649" status="PASS">
          <reporter-output>
          </reporter-output>
        </test-method> <!-- testSignupCloseButton -->
        <test-method is-config="true" signature="tearDown()[pri:0, instance:com.bookstore.tests.SignupPageTest@233fe9b6]" started-at="2025-12-06T05:44:37 UTC" name="tearDown" finished-at="2025-12-06T05:44:37 UTC" duration-ms="71" status="PASS">
          <reporter-output>
          </reporter-output>
        </test-method> <!-- tearDown -->
      </class> <!-- com.bookstore.tests.SignupPageTest -->
      <class name="com.bookstore.tests.LoginTest">
        <test-method is-config="true" signature="setUpClass()[pri:0, instance:com.bookstore.tests.LoginTest@37918c79]" started-at="2025-12-06T05:44:15 UTC" name="setUpClass" finished-at="2025-12-06T05:44:15 UTC" duration-ms="79" status="PASS">
          <reporter-output>
          </reporter-output>
        </test-method> <!-- setUpClass -->
        <test-method is-config="true" signature="setUp()[pri:0, instance:com.bookstore.tests.LoginTest@37918c79]" started-at="2025-12-06T05:44:15 UTC" name="setUp" finished-at="2025-12-06T05:44:15 UTC" duration-ms="554" status="PASS">
          <reporter-output>
          </reporter-output>
        </test-method> <!-- setUp -->
        <test-method signature="testLoginButtonDisplayed()[pri:1, instance:com.bookstore.tests.LoginTest@37918c79]" started-at="2025-12-06T05:44:15 UTC" name="testLoginButtonDisplayed" finished-at="2025-12-06T05:44:17 UTC" duration-ms="1917" status="PASS">
          <reporter-output>
          </reporter-output>
        </test-method> <!-- testLoginButtonDisplayed -->
        <test-method is-config="true" signature="tearDown()[pri:0, instance:com.bookstore.tests.LoginTest@37918c79]" started-at="2025-12-06T05:44:17 UTC" name="tearDown" finished-at="2025-12-06T05:44:17 UTC" duration-ms="79" status="PASS">
          <reporter-output>
          </reporter-output>
        </test-method> <!-- tearDown -->
        <test-method is-config="true" signature="setUp()[pri:0, instance:com.bookstore.tests.LoginTest@37918c79]" started-at="2025-12-06T05:44:17 UTC" name="setUp" finished-at="2025-12-06T05:44:18 UTC" duration-ms="580" status="PASS">
          <reporter-output>
          </reporter-output>
        </test-method> <!-- setUp -->
        <test-method signature="testLoginModalOpens()[pri:2, instance:com.bookstore.tests.LoginTest@37918c79]" started-at="2025-12-06T05:44:18 UTC" name="testLoginModalOpens" finished-at="2025-12-06T05:44:19 UTC" duration-ms="729" status="PASS">
          <reporter-output>
          </reporter-output>
        </test-method> <!-- testLoginModalOpens -->
        <test-method is-config="true" signature="tearDown()[pri:0, instance:com.bookstore.tests.LoginTest@37918c79]" started-at="2025-12-06T05:44:19 UTC" name="tearDown" finished-at="2025-12-06T05:44:19 UTC" duration-ms="71" status="PASS">
          <reporter-output>
          </reporter-output>
        </test-method> <!-- tearDown -->
        <test-method is-config="true" signature="setUp()[pri:0, instance:com.bookstore.tests.LoginTest@37918c79]" started-at="2025-12-06T05:44:19 UTC" name="setUp" finished-at="2025-12-06T05:44:19 UTC" duration-ms="595" status="PASS">
          <reporter-output>
          </reporter-output>
        </test-method> <!-- setUp -->
        <test-method signature="testLoginFormFields()[pri:3, instance:com.bookstore.tests.LoginTest@37918c79]" started-at="2025-12-06T05:44:19 UTC" name="testLoginFormFields" finished-at="2025-12-06T05:44:20 UTC" duration-ms="617" status="PASS">
          <reporter-output>
          </reporter-output>
        </test-method> <!-- testLoginFormFields -->
        <test-method is-config="true" signature="tearDown()[pri:0, instance:com.bookstore.tests.LoginTest@37918c79]" started-at="2025-12-06T05:44:20 UTC" name="tearDown" finished-at="2025-12-06T05:44:21 UTC" duration-ms="948" status="PASS">
          <reporter-output>
          </reporter-output>
        </test-method> <!-- tearDown -->
        <test-method is-config="true" signature="setUp()[pri:0, instance:com.bookstore.tests.LoginTest@37918c79]" started-at="2025-12-06T05:44:21 UTC" name="setUp" finished-at="2025-12-06T05:44:22 UTC" duration-ms="975" status="PASS">
          <reporter-output>
          </reporter-output>
        </test-method> <!-- setUp -->
        <test-method signature="testLoginSubmitButton()[pri:4, instance:com.bookstore.tests.LoginTest@37918c79]" started-at="2025-12-06T05:44:22 UTC" name="testLoginSubmitButton" finished-at="2025-12-06T05:44:23 UTC" duration-ms="1284" status="PASS">
          <reporter-output>
          </reporter-output>
        </test-method> <!-- testLoginSubmitButton -->
        <test-method is-config="true" signature="tearDown()[pri:0, instance:com.bookstore.tests.LoginTest@37918c79]" started-at="2025-12-06T05:44:23 UTC" name="tearDown" finished-at="2025-12-06T05:44:23 UTC" duration-ms="75" status="PASS">
          <reporter-output>
          </reporter-output>
        </test-method> <!-- tearDown -->
      </class> <!-- com.bookstore.tests.LoginTest -->
    </test> <!-- Surefire test -->
  </suite> <!-- Surefire suite -->
</testng-results>
